<?xml version="1.0" encoding="UTF-8"?>
<testng-results skipped="0" failed="0" ignored="0" total="1" passed="1">
  <reporter-output>
  </reporter-output>
  <suite name="Suite" duration-ms="131308" started-at="2020-05-15T20:37:21 IST" finished-at="2020-05-15T20:39:32 IST">
    <groups>
    </groups>
    <test name="Test" duration-ms="131308" started-at="2020-05-15T20:37:21 IST" finished-at="2020-05-15T20:39:32 IST">
      <class name="org.serviceNow.TestCases.TC001_CreateNewIncident">
        <test-method status="PASS" signature="launchBrowser()[pri:0, instance:org.serviceNow.TestCases.TC001_CreateNewIncident@6ebc05a6]" name="launchBrowser" is-config="true" duration-ms="60149" started-at="2020-05-15T20:37:21 IST" finished-at="2020-05-15T20:38:21 IST">
          <reporter-output>
          </reporter-output>
        </test-method> <!-- launchBrowser -->
        <test-method status="PASS" signature="createNewIncident()[pri:0, instance:org.serviceNow.TestCases.TC001_CreateNewIncident@6ebc05a6]" name="createNewIncident" duration-ms="71097" started-at="2020-05-15T20:38:21 IST" finished-at="2020-05-15T20:39:32 IST">
          <reporter-output>
          </reporter-output>
        </test-method> <!-- createNewIncident -->
      </class> <!-- org.serviceNow.TestCases.TC001_CreateNewIncident -->
    </test> <!-- Test -->
  </suite> <!-- Suite -->
</testng-results>
